<?xml version="1.0" encoding="UTF-8"?>
<!-- Generated by org.testng.reporters.JUnitReportReporter -->
<testsuite hostname="Vaibhav-Patil" failures="0" tests="4" name="testNGcase.ReportsTest" time="32.880" errors="0" timestamp="2023-09-29T15:19:29 IST" skipped="0">
  <testcase classname="testNGcase.ReportsTest" name="reporttest3" time="0.004">
    <system-out>
      <![CDATA[Method Name :- reporttest3
Status of execution is : -1]]>
    </system-out>
  </testcase> <!-- reporttest3 -->
  <testcase classname="testNGcase.ReportsTest" name="reporttest2" time="0.002">
    <system-out>
      <![CDATA[Method Name :- reporttest2
Status of execution is : -1]]>
    </system-out>
  </testcase> <!-- reporttest2 -->
  <testcase classname="testNGcase.ReportsTest" name="reporttest4" time="0.002">
    <system-out>
      <![CDATA[Method Name :- reporttest4
Status of execution is : -1]]>
    </system-out>
  </testcase> <!-- reporttest4 -->
  <testcase classname="testNGcase.ReportsTest" name="reporttest1" time="32.872">
    <system-out>
      <![CDATA[Method Name :- reporttest1
This is Test 1
Status of execution is : -1]]>
    </system-out>
  </testcase> <!-- reporttest1 -->
  <system-out>
    <![CDATA[Method Name :- titletest
<a href="C:\java files\SeleniumTraining\screenshot\Tue-Apr-12-20-45-24-IST-2022.png">Test Results</a>
Method Name :- test1
Status of execution is : -1
Method Name :- test2
Status of execution is : -1
Method Name :- launchApp
Method Name :- launchApp
Method Name :- launchApp
Method Name :- launchApp
<a href="C:\java files\SeleniumTraining\screenshot\Tue-Apr-12-20-45-24-IST-2022.png">Test Results</a>
Method Name :- reporttest1
This is Test 1
Status of execution is : -1
Method Name :- reporttest2
Status of execution is : -1
Method Name :- reporttest3
Status of execution is : -1
Method Name :- reporttest4
Status of execution is : -1
Method Name :- titletest
<a href="C:\java files\SeleniumTraining\screenshot\Tue-Apr-12-20-45-24-IST-2022.png">Test Results</a>
Method Name :- test
Status of execution is : -1
Method Name :- test
Status of execution is : -1
Method Name :- test
Status of execution is : -1
Method Name :- test
Status of execution is : -1
Method Name :- test3
<a href="C:\java files\SeleniumTraining\screenshot\Tue-Apr-12-20-45-24-IST-2022.png">Test Results</a>
Method Name :- test4
Status of execution is : -1
Method Name :- test1
Status of execution is : -1
Method Name :- test2
Status of execution is : -1
Method Name :- skipTest2
Method Name :- skipTest3
Status of execution is : -1
Method Name :- skipTest4
Status of execution is : -1
Method Name :- test3
Status of execution is : -1
Method Name :- test4
Status of execution is : -1
Method Name :- test1
Status of execution is : -1
Method Name :- test2
Status of execution is : -1
Method Name :- UserResistration
This is Test 1
<a href="C:\java files\SeleniumTraining\screenshot\Tue-Apr-12-20-45-24-IST-2022.png">Test Results</a>
Method Name :- UserSearch
Method Name :- reporttest3
Status of execution is : -1
Method Name :- reporttest4
Status of execution is : -1
Method Name :- logouttest
Status of execution is : -1
Method Name :- logintest
Status of execution is : -1
Method Name :- test3
Status of execution is : -1
Method Name :- test4
Status of execution is : -1
Method Name :- test1
Status of execution is : -1
Method Name :- test2
Status of execution is : -1
Method Name :- test
Status of execution is : -1
Method Name :- test
Status of execution is : -1
Method Name :- test
Status of execution is : -1
Method Name :- test
Status of execution is : -1
Method Name :- test1
Status of execution is : -1
Method Name :- test1
Status of execution is : -1
Method Name :- test1
Status of execution is : -1
Method Name :- test1
Status of execution is : -1
Method Name :- test
Status of execution is : -1
Method Name :- test
Status of execution is : -1
Method Name :- test
Status of execution is : -1
Method Name :- test
Status of execution is : -1
Method Name :- test1
Status of execution is : -1
Method Name :- test1
Status of execution is : -1
Method Name :- test1
Status of execution is : -1
Method Name :- test1
Status of execution is : -1
Method Name :- test1
Status of execution is : -1]]>
  </system-out>
</testsuite> <!-- testNGcase.ReportsTest -->
