<?xml version="1.0" encoding="UTF-8"?>
<!-- Generated by org.testng.reporters.JUnitReportReporter -->
<testsuite hostname="Vaibhav-Patil" failures="0" tests="4" name="testNGcase.SkipTest" time="0.008" errors="0" timestamp="2023-09-29T15:19:29 IST" skipped="2">
  <testcase classname="testNGcase.SkipTest" name="skipTest3" time="0.002">
    <system-out>
      <![CDATA[Method Name :- skipTest3
Status of execution is : -1]]>
    </system-out>
  </testcase> <!-- skipTest3 -->
  <testcase classname="testNGcase.SkipTest" name="skipTest2" time="0.004">
    <skipped/>
    <system-out>
      <![CDATA[Method Name :- skipTest2]]>
    </system-out>
  </testcase> <!-- skipTest2 -->
  <testcase classname="testNGcase.SkipTest" name="skipTest4" time="0.002">
    <system-out>
      <![CDATA[Method Name :- skipTest4
Status of execution is : -1]]>
    </system-out>
  </testcase> <!-- skipTest4 -->
  <testcase classname="testNGcase.SkipTest" name="skipTest1">
    <skipped/>
  </testcase> <!-- skipTest1 -->
  <system-out>
    <![CDATA[Method Name :- titletest
<a href="C:\java files\SeleniumTraining\screenshot\Tue-Apr-12-20-45-24-IST-2022.png">Test Results</a>
Method Name :- test1
Status of execution is : -1
Method Name :- test2
Status of execution is : -1
Method Name :- launchApp
Method Name :- launchApp
Method Name :- launchApp
Method Name :- launchApp
<a href="C:\java files\SeleniumTraining\screenshot\Tue-Apr-12-20-45-24-IST-2022.png">Test Results</a>
Method Name :- reporttest1
This is Test 1
Status of execution is : -1
Method Name :- reporttest2
Status of execution is : -1
Method Name :- reporttest3
Status of execution is : -1
Method Name :- reporttest4
Status of execution is : -1
Method Name :- titletest
<a href="C:\java files\SeleniumTraining\screenshot\Tue-Apr-12-20-45-24-IST-2022.png">Test Results</a>
Method Name :- test
Status of execution is : -1
Method Name :- test
Status of execution is : -1
Method Name :- test
Status of execution is : -1
Method Name :- test
Status of execution is : -1
Method Name :- test3
<a href="C:\java files\SeleniumTraining\screenshot\Tue-Apr-12-20-45-24-IST-2022.png">Test Results</a>
Method Name :- test4
Status of execution is : -1
Method Name :- test1
Status of execution is : -1
Method Name :- test2
Status of execution is : -1
Method Name :- skipTest2
Method Name :- skipTest3
Status of execution is : -1
Method Name :- skipTest4
Status of execution is : -1
Method Name :- test3
Status of execution is : -1
Method Name :- test4
Status of execution is : -1
Method Name :- test1
Status of execution is : -1
Method Name :- test2
Status of execution is : -1
Method Name :- UserResistration
This is Test 1
<a href="C:\java files\SeleniumTraining\screenshot\Tue-Apr-12-20-45-24-IST-2022.png">Test Results</a>
Method Name :- UserSearch
Method Name :- reporttest3
Status of execution is : -1
Method Name :- reporttest4
Status of execution is : -1
Method Name :- logouttest
Status of execution is : -1
Method Name :- logintest
Status of execution is : -1
Method Name :- test3
Status of execution is : -1
Method Name :- test4
Status of execution is : -1
Method Name :- test1
Status of execution is : -1
Method Name :- test2
Status of execution is : -1
Method Name :- test
Status of execution is : -1
Method Name :- test
Status of execution is : -1
Method Name :- test
Status of execution is : -1
Method Name :- test
Status of execution is : -1
Method Name :- test1
Status of execution is : -1
Method Name :- test1
Status of execution is : -1
Method Name :- test1
Status of execution is : -1
Method Name :- test1
Status of execution is : -1
Method Name :- test
Status of execution is : -1
Method Name :- test
Status of execution is : -1
Method Name :- test
Status of execution is : -1
Method Name :- test
Status of execution is : -1
Method Name :- test1
Status of execution is : -1
Method Name :- test1
Status of execution is : -1
Method Name :- test1
Status of execution is : -1
Method Name :- test1
Status of execution is : -1
Method Name :- test1
Status of execution is : -1]]>
  </system-out>
</testsuite> <!-- testNGcase.SkipTest -->
