<?xml version="1.0" encoding="UTF-8"?>
<!-- Generated by org.testng.reporters.JUnitReportReporter -->
<testsuite hostname="Vaibhav-Patil" failures="0" tests="1" name="testNGcase.Screenshot" time="11.211" errors="0" timestamp="2023-09-29T15:16:38 IST" skipped="0">
  <testcase classname="testNGcase.Screenshot" name="screenshot" time="11.211"/>
</testsuite> <!-- testNGcase.Screenshot -->
