<?xml version="1.0" encoding="UTF-8"?>
<!-- Generated by org.testng.reporters.JUnitReportReporter -->
<testsuite hostname="Vaibhav-Patil" failures="0" tests="4" name="testNGcase.Before_After_Class_Group" time="0.022" errors="0" timestamp="2023-09-29T15:19:29 IST" skipped="0">
  <testcase classname="testNGcase.Before_After_Class_Group" name="test3" time="0.009">
    <system-out>
      <![CDATA[Method Name :- test3
Status of execution is : -1]]>
    </system-out>
  </testcase> <!-- test3 -->
  <testcase classname="testNGcase.Before_After_Class_Group" name="test4" time="0.006">
    <system-out>
      <![CDATA[Method Name :- test4
Status of execution is : -1]]>
    </system-out>
  </testcase> <!-- test4 -->
  <testcase classname="testNGcase.Before_After_Class_Group" name="test1" time="0.005">
    <system-out>
      <![CDATA[Method Name :- test1
Status of execution is : -1]]>
    </system-out>
  </testcase> <!-- test1 -->
  <testcase classname="testNGcase.Before_After_Class_Group" name="test2" time="0.002">
    <system-out>
      <![CDATA[Method Name :- test2
Status of execution is : -1]]>
    </system-out>
  </testcase> <!-- test2 -->
  <system-out>
    <![CDATA[Method Name :- titletest
<a href="C:\java files\SeleniumTraining\screenshot\Tue-Apr-12-20-45-24-IST-2022.png">Test Results</a>
Method Name :- test1
Status of execution is : -1
Method Name :- test2
Status of execution is : -1
Method Name :- launchApp
Method Name :- launchApp
Method Name :- launchApp
Method Name :- launchApp
<a href="C:\java files\SeleniumTraining\screenshot\Tue-Apr-12-20-45-24-IST-2022.png">Test Results</a>
Method Name :- reporttest1
This is Test 1
Status of execution is : -1
Method Name :- reporttest2
Status of execution is : -1
Method Name :- reporttest3
Status of execution is : -1
Method Name :- reporttest4
Status of execution is : -1
Method Name :- titletest
<a href="C:\java files\SeleniumTraining\screenshot\Tue-Apr-12-20-45-24-IST-2022.png">Test Results</a>
Method Name :- test
Status of execution is : -1
Method Name :- test
Status of execution is : -1
Method Name :- test
Status of execution is : -1
Method Name :- test
Status of execution is : -1
Method Name :- test3
<a href="C:\java files\SeleniumTraining\screenshot\Tue-Apr-12-20-45-24-IST-2022.png">Test Results</a>
Method Name :- test4
Status of execution is : -1
Method Name :- test1
Status of execution is : -1
Method Name :- test2
Status of execution is : -1
Method Name :- skipTest2
Method Name :- skipTest3
Status of execution is : -1
Method Name :- skipTest4
Status of execution is : -1
Method Name :- test3
Status of execution is : -1
Method Name :- test4
Status of execution is : -1
Method Name :- test1
Status of execution is : -1
Method Name :- test2
Status of execution is : -1
Method Name :- UserResistration
This is Test 1
<a href="C:\java files\SeleniumTraining\screenshot\Tue-Apr-12-20-45-24-IST-2022.png">Test Results</a>
Method Name :- UserSearch
Method Name :- reporttest3
Status of execution is : -1
Method Name :- reporttest4
Status of execution is : -1
Method Name :- logouttest
Status of execution is : -1
Method Name :- logintest
Status of execution is : -1
Method Name :- test3
Status of execution is : -1
Method Name :- test4
Status of execution is : -1
Method Name :- test1
Status of execution is : -1
Method Name :- test2
Status of execution is : -1
Method Name :- test
Status of execution is : -1
Method Name :- test
Status of execution is : -1
Method Name :- test
Status of execution is : -1
Method Name :- test
Status of execution is : -1
Method Name :- test1
Status of execution is : -1
Method Name :- test1
Status of execution is : -1
Method Name :- test1
Status of execution is : -1
Method Name :- test1
Status of execution is : -1
Method Name :- test
Status of execution is : -1
Method Name :- test
Status of execution is : -1
Method Name :- test
Status of execution is : -1
Method Name :- test
Status of execution is : -1
Method Name :- test1
Status of execution is : -1
Method Name :- test1
Status of execution is : -1
Method Name :- test1
Status of execution is : -1
Method Name :- test1
Status of execution is : -1
Method Name :- test1
Status of execution is : -1]]>
  </system-out>
</testsuite> <!-- testNGcase.Before_After_Class_Group -->
